modules/lifeos-sms/android/build/intermediates/manifest_merge_blame_file/release/processReleaseManifest/manifest-merger-blame-release-report.txt
1<?xml version="1.0" encoding="utf-8"?>
2<manifest xmlns:android="http://schemas.android.com/apk/res/android"
3    package="com.lifeos.sms" >
4
5    <uses-sdk android:minSdkVersion="24" />
6
7    <!-- SMS permissions — user must grant at runtime (Android 6+) -->
8    <uses-permission android:name="android.permission.RECEIVE_SMS" />
8-->src\main\AndroidManifest.xml:5:3-68
8-->src\main\AndroidManifest.xml:5:20-65
9    <uses-permission android:name="android.permission.READ_SMS" />
9-->src\main\AndroidManifest.xml:6:3-65
9-->src\main\AndroidManifest.xml:6:20-62
10
11    <!-- Required for WorkManager foreground service (bulk import progress) -->
12    <uses-permission android:name="android.permission.FOREGROUND_SERVICE" />
12-->src\main\AndroidManifest.xml:9:3-75
12-->src\main\AndroidManifest.xml:9:20-72
13    <uses-permission android:name="android.permission.FOREGROUND_SERVICE_DATA_SYNC" />
13-->src\main\AndroidManifest.xml:10:3-85
13-->src\main\AndroidManifest.xml:10:20-82
14
15    <application>
15-->src\main\AndroidManifest.xml:12:3-28:17
16
17        <!--
18      Static receiver registration — fires even when the app process is killed.
19      android:permission="android.permission.BROADCAST_SMS" ensures only the
20      system telephony stack can trigger this receiver.
21      Priority 999 ensures we get the SMS before other receivers.
22        -->
23        <receiver
23-->src\main\AndroidManifest.xml:19:5-27:16
24            android:name="com.lifeos.sms.SmsReceiver"
24-->src\main\AndroidManifest.xml:20:7-34
25            android:enabled="true"
25-->src\main\AndroidManifest.xml:21:7-29
26            android:exported="true"
26-->src\main\AndroidManifest.xml:22:7-30
27            android:permission="android.permission.BROADCAST_SMS" >
27-->src\main\AndroidManifest.xml:23:7-60
28            <intent-filter android:priority="999" >
28-->src\main\AndroidManifest.xml:24:7-26:23
28-->src\main\AndroidManifest.xml:24:22-44
29                <action android:name="android.provider.Telephony.SMS_RECEIVED" />
29-->src\main\AndroidManifest.xml:25:9-74
29-->src\main\AndroidManifest.xml:25:17-71
30            </intent-filter>
31        </receiver>
32    </application>
33
34</manifest>